openlogin/build/intermediates/manifest_merge_blame_file/debug/manifest-merger-blame-debug-report.txt
1<?xml version="1.0" encoding="utf-8"?>
2<manifest xmlns:android="http://schemas.android.com/apk/res/android"
3    xmlns:tools="http://schemas.android.com/tools"
4    package="eeui.android.openlogin" >
5
6    <uses-sdk
7        android:minSdkVersion="16"
7-->src\main\AndroidManifest.xml
8        android:targetSdkVersion="28" />
8-->src\main\AndroidManifest.xml
9
10    <supports-screens
10-->src\main\AndroidManifest.xml:6:1-11:35
11        android:anyDensity="true"
11-->src\main\AndroidManifest.xml:7:5-30
12        android:largeScreens="true"
12-->src\main\AndroidManifest.xml:8:5-32
13        android:normalScreens="true"
13-->src\main\AndroidManifest.xml:9:5-33
14        android:resizeable="true"
14-->src\main\AndroidManifest.xml:10:5-30
15        android:smallScreens="true" />
15-->src\main\AndroidManifest.xml:11:5-32
16
17    <application
17-->src\main\AndroidManifest.xml:13:1-49:15
18        android:allowBackup="false"
18-->src\main\AndroidManifest.xml:15:5-32
19        android:supportsRtl="true"
19-->src\main\AndroidManifest.xml:16:5-31
20        android:theme="@style/AppTheme"
20-->src\main\AndroidManifest.xml:17:5-36
21        tools:replace="android:allowBackup,android:theme" >
21-->src\main\AndroidManifest.xml:14:5-54
22        <activity
22-->src\main\AndroidManifest.xml:19:5-24:71
23            android:name="app.pb.shop.wxapi.WXEntryActivity"
23-->src\main\AndroidManifest.xml:20:9-57
24            android:exported="true"
24-->src\main\AndroidManifest.xml:21:9-32
25            android:launchMode="singleTop"
25-->src\main\AndroidManifest.xml:22:9-39
26            android:theme="@style/transparentThemePay"
26-->src\main\AndroidManifest.xml:23:9-51
27            android:windowSoftInputMode="adjustUnspecified|stateHidden" />
27-->src\main\AndroidManifest.xml:24:9-68
28        <activity
28-->src\main\AndroidManifest.xml:26:5-31:71
29            android:name="app.pb.shop.tiktokapi.TikTokEntryActivity"
29-->src\main\AndroidManifest.xml:27:9-65
30            android:exported="true"
30-->src\main\AndroidManifest.xml:28:9-32
31            android:launchMode="singleTop"
31-->src\main\AndroidManifest.xml:29:9-39
32            android:theme="@style/transparentThemePay"
32-->src\main\AndroidManifest.xml:30:9-51
33            android:windowSoftInputMode="adjustUnspecified|stateHidden" />
33-->src\main\AndroidManifest.xml:31:9-68
34        <activity
34-->src\main\AndroidManifest.xml:33:5-37:71
35            android:name="com.tencent.connect.common.AssistActivity"
35-->src\main\AndroidManifest.xml:34:9-65
36            android:configChanges="orientation|keyboardHidden|screenSize"
36-->src\main\AndroidManifest.xml:35:9-70
37            android:screenOrientation="behind"
37-->src\main\AndroidManifest.xml:36:9-43
38            android:theme="@android:style/Theme.Translucent.NoTitleBar" />
38-->src\main\AndroidManifest.xml:37:9-68
39        <activity
39-->src\main\AndroidManifest.xml:38:5-48:16
40            android:name="com.tencent.tauth.AuthActivity"
40-->src\main\AndroidManifest.xml:39:9-54
41            android:launchMode="singleTask"
41-->src\main\AndroidManifest.xml:40:9-40
42            android:noHistory="true" >
42-->src\main\AndroidManifest.xml:41:9-33
43            <intent-filter>
43-->src\main\AndroidManifest.xml:42:9-47:25
44                <action android:name="android.intent.action.VIEW" />
44-->src\main\AndroidManifest.xml:43:13-65
44-->src\main\AndroidManifest.xml:43:21-62
45
46                <category android:name="android.intent.category.DEFAULT" />
46-->src\main\AndroidManifest.xml:44:13-72
46-->src\main\AndroidManifest.xml:44:23-69
47                <category android:name="android.intent.category.BROWSABLE" />
47-->src\main\AndroidManifest.xml:45:13-74
47-->src\main\AndroidManifest.xml:45:23-71
48
49                <data android:scheme="1104848568" />
49-->src\main\AndroidManifest.xml:46:13-49
49-->src\main\AndroidManifest.xml:46:19-46
50            </intent-filter>
51        </activity>
52    </application>
53
54</manifest>